project/android/build/outputs/mapping/release/seeds.txt
fi.tamk.mindpuzzle.AndroidLauncher: AndroidLauncher()
fi.tamk.mindpuzzle.AndroidLauncher
...
com.badlogic.gdx.graphics.Pixmap$Blending: com.badlogic.gdx.graphics.Pixmap$Blending valueOf(java.lang.String)
com.badlogic.gdx.graphics.glutils.ShapeRenderer$ShapeType: com.badlogic.gdx.graphics.glutils.ShapeRenderer$ShapeType valueOf(java.lang.String)
com.badlogic.gdx.graphics.g2d.freetype.FreeTypeFontGenerator$Hinting: com.badlogic.gdx.graphics.g2d.freetype.FreeTypeFontGenerator$Hinting[] values()
com.badlogic.gdx.graphics.Pixmap$Filter: com.badlogic.gdx.graphics.Pixmap$Filter valueOf(java.lang.String)
com.badlogic.gdx.utils.Scaling: com.badlogic.gdx.utils.Scaling valueOf(java.lang.String)
com.badlogic.gdx.backends.android.AndroidApplication: AndroidApplication()
com.badlogic.gdx.graphics.glutils.GLVersion$Type: com.badlogic.gdx.graphics.glutils.GLVersion$Type[] values()
com.badlogic.gdx.graphics.g2d.ParticleEmitter$SpriteMode: com.badlogic.gdx.graphics.g2d.ParticleEmitter$SpriteMode valueOf(java.lang.String)
com.badlogic.gdx.utils.JsonValue$ValueType: com.badlogic.gdx.utils.JsonValue$ValueType[] values()
com.badlogic.gdx.graphics.g2d.ParticleEmitter$SpawnEllipseSide: com.badlogic.gdx.graphics.g2d.ParticleEmitter$SpawnEllipseSide valueOf(java.lang.String)
com.badlogic.gdx.Application$ApplicationType: com.badlogic.gdx.Application$ApplicationType[] values()
com.badlogic.gdx.Input$OnscreenKeyboardType: com.badlogic.gdx.Input$OnscreenKeyboardType valueOf(java.lang.String)
com.badlogic.gdx.graphics.Pixmap$Format: com.badlogic.gdx.graphics.Pixmap$Format[] values()
com.badlogic.gdx.Input$OnscreenKeyboardType: com.badlogic.gdx.Input$OnscreenKeyboardType[] values()
com.badlogic.gdx.scenes.scene2d.Touchable: com.badlogic.gdx.scenes.scene2d.Touchable[] values()
com.badlogic.gdx.graphics.Texture$TextureWrap: com.badlogic.gdx.graphics.Texture$TextureWrap valueOf(java.lang.String)
com.badlogic.gdx.graphics.Pixmap$Blending: com.badlogic.gdx.graphics.Pixmap$Blending[] values()
com.badlogic.gdx.graphics.glutils.GLVersion$Type: com.badlogic.gdx.graphics.glutils.GLVersion$Type valueOf(java.lang.String)
com.badlogic.gdx.graphics.glutils.HdpiMode: com.badlogic.gdx.graphics.glutils.HdpiMode[] values()
com.badlogic.gdx.scenes.scene2d.Touchable: com.badlogic.gdx.scenes.scene2d.Touchable valueOf(java.lang.String)
com.badlogic.gdx.Input$Orientation: com.badlogic.gdx.Input$Orientation valueOf(java.lang.String)
com.badlogic.gdx.graphics.g2d.freetype.FreeTypeFontGenerator$Hinting: com.badlogic.gdx.graphics.g2d.freetype.FreeTypeFontGenerator$Hinting valueOf(java.lang.String)
com.badlogic.gdx.graphics.glutils.HdpiMode: com.badlogic.gdx.graphics.glutils.HdpiMode valueOf(java.lang.String)
com.badlogic.gdx.graphics.glutils.ShapeRenderer$ShapeType: com.badlogic.gdx.graphics.glutils.ShapeRenderer$ShapeType[] values()
com.badlogic.gdx.Input$Orientation: com.badlogic.gdx.Input$Orientation[] values()
com.badlogic.gdx.scenes.scene2d.utils.FocusListener$FocusEvent$Type: com.badlogic.gdx.scenes.scene2d.utils.FocusListener$FocusEvent$Type valueOf(java.lang.String)
com.badlogic.gdx.graphics.Mesh$VertexDataType: com.badlogic.gdx.graphics.Mesh$VertexDataType[] values()
com.badlogic.gdx.utils.JsonWriter$OutputType: com.badlogic.gdx.utils.JsonWriter$OutputType valueOf(java.lang.String)
com.badlogic.gdx.graphics.g2d.ParticleEmitter$SpawnEllipseSide: com.badlogic.gdx.graphics.g2d.ParticleEmitter$SpawnEllipseSide[] values()
com.badlogic.gdx.utils.Scaling: com.badlogic.gdx.utils.Scaling[] values()
com.badlogic.gdx.graphics.Texture$TextureFilter: com.badlogic.gdx.graphics.Texture$TextureFilter valueOf(java.lang.String)
com.badlogic.gdx.graphics.g2d.ParticleEmitter$SpawnShape: com.badlogic.gdx.graphics.g2d.ParticleEmitter$SpawnShape[] values()
com.badlogic.gdx.graphics.g2d.ParticleEmitter$SpriteMode: com.badlogic.gdx.graphics.g2d.ParticleEmitter$SpriteMode[] values()
com.badlogic.gdx.graphics.Texture$TextureFilter: com.badlogic.gdx.graphics.Texture$TextureFilter[] values()