project/android/build/outputs/mapping/release/mapping.txt
# compiler: R8
# compiler_version: 2.1.86
# min_api: 14
# pg_map_id: f1317d7
# common_typos_disable
fi.tamk.mindpuzzle.AnswerScreen -> fi.tamk.mindpuzzle.a:
    java.lang.String wrongLine -> g
    java.lang.String rightLine -> f
    java.lang.String rightAnswer -> h
    com.badlogic.gdx.graphics.Texture exitPressed -> k
    com.badlogic.gdx.graphics.Texture exit -> j
    fi.tamk.mindpuzzle.MindPuzzle app -> a
    com.badlogic.gdx.scenes.scene2d.ui.ImageButton xButton -> i
    com.badlogic.gdx.scenes.scene2d.Stage stage -> b
    com.badlogic.gdx.math.Rectangle bubbleSmall -> m
    com.badlogic.gdx.graphics.Texture characterTxt -> n
    com.badlogic.gdx.math.Rectangle characterSmall -> p
    com.badlogic.gdx.scenes.scene2d.ui.Table background -> c
    com.badlogic.gdx.graphics.Texture bubble -> l
    com.badlogic.gdx.math.Rectangle characterLarge -> o
    com.badlogic.gdx.math.Rectangle bubbleLarge -> q
    java.lang.String line -> e
    boolean answer -> d
    void render(float) -> a
    void resize(int,int) -> d
    void show() -> f
    fi.tamk.mindpuzzle.MindPuzzle access$000(fi.tamk.mindpuzzle.AnswerScreen) -> g
    boolean checkTheAnswer() -> h
    void dispose() -> i
    void getCharacter() -> j
    void initButtons() -> k
fi.tamk.mindpuzzle.AnswerScreen$1 -> fi.tamk.mindpuzzle.a$a:
    fi.tamk.mindpuzzle.AnswerScreen this$0 -> o
    void clicked(com.badlogic.gdx.scenes.scene2d.InputEvent,float,float) -> l
fi.tamk.mindpuzzle.CreditsScreen -> fi.tamk.mindpuzzle.b:
    com.badlogic.gdx.graphics.Texture credits -> g
    com.badlogic.gdx.graphics.Texture imgMenuPressed -> f
    com.badlogic.gdx.graphics.Texture imgMenu -> e
    com.badlogic.gdx.math.Rectangle creditsLarge -> h
    com.badlogic.gdx.math.Rectangle creditsSmall -> i
    fi.tamk.mindpuzzle.MindPuzzle app -> a
    com.badlogic.gdx.scenes.scene2d.Stage stage -> b
    com.badlogic.gdx.scenes.scene2d.ui.Table background -> c
    com.badlogic.gdx.scenes.scene2d.ui.ImageButton imageMenu -> d
    void render(float) -> a
    void resize(int,int) -> d
    void show() -> f
    fi.tamk.mindpuzzle.MindPuzzle access$000(fi.tamk.mindpuzzle.CreditsScreen) -> g
    void dispose() -> h
    void initButtons() -> i
fi.tamk.mindpuzzle.CreditsScreen$1 -> fi.tamk.mindpuzzle.b$a:
    fi.tamk.mindpuzzle.CreditsScreen this$0 -> o
    void clicked(com.badlogic.gdx.scenes.scene2d.InputEvent,float,float) -> l
fi.tamk.mindpuzzle.FoodRoom -> fi.tamk.mindpuzzle.c:
    com.badlogic.gdx.graphics.Texture character4Txt -> t
    boolean char2NotClicked -> w
    com.badlogic.gdx.graphics.Texture settingsTxt -> g
    com.badlogic.gdx.scenes.scene2d.ui.ImageButton character3Button -> n
    com.badlogic.gdx.scenes.scene2d.ui.ImageButton character1Button -> l
    com.badlogic.gdx.graphics.Texture doorTxt -> k
    boolean char4NotClicked -> y
    com.badlogic.gdx.scenes.scene2d.ui.ImageButton doorButton -> j
    fi.tamk.mindpuzzle.MindPuzzle app -> a
    com.badlogic.gdx.scenes.scene2d.ui.ImageButton settingsButton -> f
    com.badlogic.gdx.scenes.scene2d.ui.Table background -> c
    com.badlogic.gdx.graphics.Texture character3Txt -> s
    java.lang.String line -> e
    com.badlogic.gdx.graphics.Texture character1Txt -> q
    com.badlogic.gdx.graphics.Texture character5Txt -> u
    boolean char1NotClicked -> v
    boolean char3NotClicked -> x
    com.badlogic.gdx.scenes.scene2d.ui.ImageButton character5Button -> p
    com.badlogic.gdx.scenes.scene2d.ui.ImageButton character4Button -> o
    com.badlogic.gdx.scenes.scene2d.ui.ImageButton character2Button -> m
    com.badlogic.gdx.math.Rectangle settingRec -> i
    boolean char5NotClicked -> z
    com.badlogic.gdx.graphics.Texture settingsTxtPressed -> h
    com.badlogic.gdx.scenes.scene2d.Stage stage -> b
    com.badlogic.gdx.graphics.Texture character2Txt -> r
    java.lang.String points -> d
    void render(float) -> a
fi.tamk.mindpuzzle.FoodRoom$1 -> fi.tamk.mindpuzzle.c$a:
    fi.tamk.mindpuzzle.FoodRoom this$0 -> o
    void clicked(com.badlogic.gdx.scenes.scene2d.InputEvent,float,float) -> l
...
com.badlogic.gdx.scenes.scene2d.ui.Image -> a.a.a.w.a.j.e:
    com.badlogic.gdx.utils.Scaling scaling -> w
    float imageY -> z
    float imageX -> y
    int align -> x
    float imageHeight -> B
    float imageWidth -> A
    com.badlogic.gdx.scenes.scene2d.utils.Drawable drawable -> C
    float getMinHeight() -> a
    float getMinWidth() -> b
    void layout() -> d0
    com.badlogic.gdx.scenes.scene2d.utils.Drawable getDrawable() -> e0
    void setDrawable(com.badlogic.gdx.scenes.scene2d.utils.Drawable) -> f0
    float getPrefHeight() -> g
    void setScaling(com.badlogic.gdx.utils.Scaling) -> g0
    float getPrefWidth() -> h
    void draw(com.badlogic.gdx.graphics.g2d.Batch,float) -> p
com.badlogic.gdx.scenes.scene2d.ui.ImageButton -> a.a.a.w.a.j.f:
    com.badlogic.gdx.scenes.scene2d.ui.Image image -> w0
    com.badlogic.gdx.scenes.scene2d.ui.ImageButton$ImageButtonStyle style -> x0
    void setStyle(com.badlogic.gdx.scenes.scene2d.ui.Button$ButtonStyle) -> W0
    com.badlogic.gdx.scenes.scene2d.utils.Drawable getImageDrawable() -> X0
    void updateImage() -> Y0
    void draw(com.badlogic.gdx.graphics.g2d.Batch,float) -> p
com.badlogic.gdx.scenes.scene2d.ui.ImageButton$ImageButtonStyle -> a.a.a.w.a.j.f$a:
    com.badlogic.gdx.scenes.scene2d.utils.Drawable imageUp -> p
    com.badlogic.gdx.scenes.scene2d.utils.Drawable imageDown -> q
    com.badlogic.gdx.scenes.scene2d.utils.Drawable imageOver -> r
    com.badlogic.gdx.scenes.scene2d.utils.Drawable imageDisabled -> s
    com.badlogic.gdx.scenes.scene2d.utils.Drawable imageChecked -> t
    com.badlogic.gdx.scenes.scene2d.utils.Drawable imageCheckedDown -> u
    com.badlogic.gdx.scenes.scene2d.utils.Drawable imageCheckedOver -> v
com.badlogic.gdx.scenes.scene2d.ui.ImageTextButton$ImageTextButtonStyle -> a.a.a.w.a.j.g:
com.badlogic.gdx.scenes.scene2d.ui.Label$LabelStyle -> a.a.a.w.a.j.h:
com.badlogic.gdx.scenes.scene2d.ui.List$ListStyle -> a.a.a.w.a.j.i:
com.badlogic.gdx.scenes.scene2d.ui.ProgressBar$ProgressBarStyle -> a.a.a.w.a.j.j:
com.badlogic.gdx.scenes.scene2d.ui.ScrollPane$ScrollPaneStyle -> a.a.a.w.a.j.k:
com.badlogic.gdx.scenes.scene2d.ui.SelectBox$SelectBoxStyle -> a.a.a.w.a.j.l:
com.badlogic.gdx.scenes.scene2d.ui.Skin -> a.a.a.w.a.j.m:
    java.lang.Class[] defaultTagClasses -> e
    com.badlogic.gdx.utils.ObjectMap resources -> a
    com.badlogic.gdx.graphics.g2d.TextureAtlas atlas -> b
    float scale -> c
    com.badlogic.gdx.utils.ObjectMap jsonClassTags -> d
    com.badlogic.gdx.scenes.scene2d.utils.Drawable getDrawable(java.lang.String) -> F
    com.badlogic.gdx.utils.Json getJsonLoader(com.badlogic.gdx.files.FileHandle) -> L
    com.badlogic.gdx.graphics.g2d.NinePatch getPatch(java.lang.String) -> O
    com.badlogic.gdx.graphics.g2d.TextureRegion getRegion(java.lang.String) -> R
    com.badlogic.gdx.utils.Array getRegions(java.lang.String) -> S
    com.badlogic.gdx.graphics.g2d.Sprite getSprite(java.lang.String) -> T
    void load(com.badlogic.gdx.files.FileHandle) -> U
    com.badlogic.gdx.scenes.scene2d.utils.Drawable newDrawable(com.badlogic.gdx.scenes.scene2d.utils.Drawable,com.badlogic.gdx.graphics.Color) -> V
    com.badlogic.gdx.scenes.scene2d.utils.Drawable newDrawable(java.lang.String,com.badlogic.gdx.graphics.Color) -> W
    java.lang.Object optional(java.lang.String,java.lang.Class) -> X
    void scale(com.badlogic.gdx.scenes.scene2d.utils.Drawable) -> Y
    void dispose() -> a
    void add(java.lang.String,java.lang.Object) -> n
    void add(java.lang.String,java.lang.Object,java.lang.Class) -> r
    void addRegions(com.badlogic.gdx.graphics.g2d.TextureAtlas) -> y
    java.lang.Object get(java.lang.String,java.lang.Class) -> z