project/android/build/outputs/mapping/release/usage.txt
fi.tamk.mindpuzzle.R$drawable
fi.tamk.mindpuzzle.R$mipmap
fi.tamk.mindpuzzle.R
fi.tamk.mindpuzzle.R$color
fi.tamk.mindpuzzle.BuildConfig
fi.tamk.mindpuzzle.R$style
fi.tamk.mindpuzzle.R$string
...
com.badlogic.gdx.math.Rectangle:
    public void <init>(com.badlogic.gdx.math.Rectangle)
    public float getX()
    public com.badlogic.gdx.math.Rectangle setX(float)
    public float getY()
    public com.badlogic.gdx.math.Rectangle setY(float)
    public com.badlogic.gdx.math.Rectangle setWidth(float)
    public com.badlogic.gdx.math.Rectangle setHeight(float)
    public com.badlogic.gdx.math.Vector2 getPosition(com.badlogic.gdx.math.Vector2)
    public com.badlogic.gdx.math.Rectangle setPosition(com.badlogic.gdx.math.Vector2)
    public com.badlogic.gdx.math.Rectangle setPosition(float,float)
    public com.badlogic.gdx.math.Rectangle setSize(float,float)
    public com.badlogic.gdx.math.Rectangle setSize(float)
    public com.badlogic.gdx.math.Vector2 getSize(com.badlogic.gdx.math.Vector2)
    public boolean contains(float,float)
    public boolean contains(com.badlogic.gdx.math.Vector2)
    public boolean contains(com.badlogic.gdx.math.Circle)
    public boolean contains(com.badlogic.gdx.math.Rectangle)
    public boolean overlaps(com.badlogic.gdx.math.Rectangle)
    public com.badlogic.gdx.math.Rectangle set(com.badlogic.gdx.math.Rectangle)
    public com.badlogic.gdx.math.Rectangle merge(com.badlogic.gdx.math.Rectangle)
    public com.badlogic.gdx.math.Rectangle merge(float,float)
    public com.badlogic.gdx.math.Rectangle merge(com.badlogic.gdx.math.Vector2)
    public com.badlogic.gdx.math.Rectangle merge(com.badlogic.gdx.math.Vector2[])
com.badlogic.gdx.graphics.g3d.particles.ParticleController:
    public varargs void <init>(java.lang.String,com.badlogic.gdx.graphics.g3d.particles.emitters.Emitter,com.badlogic.gdx.graphics.g3d.particles.renderers.ParticleControllerRenderer,com.badlogic.gdx.graphics.g3d.particles.influencers.Influencer[])
    private int findIndex(java.lang.Class)
    public void setTransform(com.badlogic.gdx.math.Matrix4)
    public void setTransform(float,float,float,float,float,float,float,float)
    public void rotate(com.badlogic.gdx.math.Quaternion)
    public void rotate(com.badlogic.gdx.math.Vector3,float)
    public void translate(com.badlogic.gdx.math.Vector3)
    public void setTranslation(com.badlogic.gdx.math.Vector3)
    public void scale(float,float,float)
    public void scale(com.badlogic.gdx.math.Vector3)
    public void mul(com.badlogic.gdx.math.Matrix4)
    public void getTransform(com.badlogic.gdx.math.Matrix4)
    public boolean isComplete()
    public void init()
    protected void allocateChannels(int)
    protected void bind()
    public void start()
    public void reset()
    public void end()
    public void activateParticles(int,int)
    public void killParticles(int,int)
    public void update()
    public void update(float)
    public void draw()
    public com.badlogic.gdx.graphics.g3d.particles.ParticleController copy()
    public com.badlogic.gdx.math.collision.BoundingBox getBoundingBox()
    protected void calculateBoundingBox()
com.badlogic.gdx.graphics.g3d.shaders.BaseShader$GlobalSetter
com.badlogic.gdx.graphics.glutils.ETC1TextureData:
    public void <init>(com.badlogic.gdx.files.FileHandle)
    public void <init>(com.badlogic.gdx.graphics.glutils.ETC1$ETC1Data,boolean)
com.badlogic.gdx.scenes.scene2d.utils.ActorGestureListener$2
com.badlogic.gdx.graphics.Pixmap$Format:
    public static int toGlFormat(com.badlogic.gdx.graphics.Pixmap$Format)
    public static int toGlType(com.badlogic.gdx.graphics.Pixmap$Format)
com.badlogic.gdx.graphics.g2d.ParticleEmitter$GradientColorValue:
    public float[] getTimeline()
    public void setTimeline(float[])
    public float[] getColors()
    public void setColors(float[])
    public float[] getColor(float)
    public void save(java.io.Writer)
    public void load(com.badlogic.gdx.graphics.g2d.ParticleEmitter$GradientColorValue)
com.badlogic.gdx.graphics.g3d.particles.influencers.ModelInfluencer$Random
com.badlogic.gdx.scenes.scene2d.utils.ChangeListener
com.badlogic.gdx.graphics.g3d.particles.ParticleShader$Setters$4